<?xml version="1.0" encoding="UTF-8"?>
<!-- Generated by org.testng.reporters.JUnitReportReporter -->
<testsuite hostname="Laptop" failures="0" tests="1" name="com.tests.ProductPageTest" time="77.661" errors="0" timestamp="2025-07-04T15:54:57 IST" skipped="0">
  <testcase classname="com.tests.ProductPageTest" name="navigateToBillPayTest" time="77.661"/>
</testsuite> <!-- com.tests.ProductPageTest -->
