<?xml version="1.0" encoding="UTF-8"?>
<!-- Generated by org.testng.reporters.JUnitReportReporter -->
<testsuite hostname="Laptop" failures="0" tests="2" name="com.tests.HomePageTest" time="64.774" errors="0" timestamp="2025-07-04T15:54:57 IST" skipped="0">
  <testcase classname="com.tests.HomePageTest" name="residentSignInTest" time="41.042"/>
  <testcase classname="com.tests.HomePageTest" name="watchDemoTest" time="23.732"/>
</testsuite> <!-- com.tests.HomePageTest -->
