<?xml version="1.0" encoding="UTF-8"?>
<!-- Generated by org.testng.reporters.JUnitReportReporter -->
<testsuite hostname="Laptop" failures="0" tests="2" name="com.tests.HomePageTest" time="50.739" errors="0" timestamp="2025-07-04T10:40:13 IST" skipped="0">
  <testcase classname="com.tests.HomePageTest" name="residentSignInTest" time="31.018"/>
  <testcase classname="com.tests.HomePageTest" name="watchDemoTest" time="19.721"/>
</testsuite> <!-- com.tests.HomePageTest -->
